<?xml version="1.0" encoding="UTF-8"?>
<!-- Generated by org.testng.reporters.JUnitReportReporter -->
<testsuite skipped="0" hostname="ZXJ-PC" name="first.ToolNGTestL" tests="7" failures="0" timestamp="18 十月 2017 01:18:01 GMT" time="0.031" errors="0">
  <testcase name="testToOther" time="0.000" classname="first.ToolNGTestL"/>
  <testcase name="testToOther" time="0.016" classname="first.ToolNGTestL"/>
  <testcase name="testToOther" time="0.000" classname="first.ToolNGTestL"/>
  <testcase name="testToOther" time="0.000" classname="first.ToolNGTestL"/>
  <testcase name="testToOther" time="0.000" classname="first.ToolNGTestL"/>
  <testcase name="testToOther" time="0.015" classname="first.ToolNGTestL"/>
  <testcase name="testToOther" time="0.000" classname="first.ToolNGTestL"/>
</testsuite> <!-- first.ToolNGTestL -->
