<?xml version="1.0" encoding="UTF-8"?>
<!-- Generated by org.testng.reporters.JUnitReportReporter -->
<testsuite skipped="0" hostname="ZXJ-PC" name="first.ToolsNGTest" tests="7" failures="0" timestamp="17 十月 2017 15:12:21 GMT" time="0.032" errors="0">
  <testcase name="testToOther" time="0.000" classname="first.ToolsNGTest"/>
  <testcase name="testToOther" time="0.032" classname="first.ToolsNGTest"/>
  <testcase name="testToOther" time="0.000" classname="first.ToolsNGTest"/>
  <testcase name="testToOther" time="0.000" classname="first.ToolsNGTest"/>
  <testcase name="testToOther" time="0.000" classname="first.ToolsNGTest"/>
  <testcase name="testToOther" time="0.000" classname="first.ToolsNGTest"/>
  <testcase name="testToOther" time="0.000" classname="first.ToolsNGTest"/>
</testsuite> <!-- first.ToolsNGTest -->
